<?xml version="1.0" encoding="UTF-8"?>
<!-- Generated by org.testng.reporters.JUnitReportReporter -->
<testsuite hostname="DESKTOP-GPKURBV" failures="0" tests="1" name="simplejenkinsproject.jenkinsdemo" time="3.458" errors="0" timestamp="2023-06-23T13:09:13 CDT" skipped="0">
  <testcase classname="simplejenkinsproject.jenkinsdemo" name="demo" time="3.458"/>
  <system-out/>
</testsuite> <!-- simplejenkinsproject.jenkinsdemo -->
